<?xml version="1.0" encoding="UTF-8"?>
<!-- Generated by org.testng.reporters.JUnitXMLReporter -->
<testsuite ignored="0" hostname="NagarajNaik961" failures="0" tests="10" name="Default test" time="24.304" errors="0" timestamp="2025-03-08T01:04:47 IST">
  <testcase classname="Telecom_Domain.RestassuredApiTest" name="addNewUser" time="7.759"/>
  <testcase classname="Telecom_Domain.RestassuredApiTest" name="testGetUserProfile" time="1.617"/>
  <testcase classname="Telecom_Domain.RestassuredApiTest" name="updateUserProfile" time="1.809"/>
  <testcase classname="Telecom_Domain.RestassuredApiTest" name="loginUser" time="1.649"/>
  <testcase classname="Telecom_Domain.RestassuredApiTest" name="addContact" time="1.537"/>
  <testcase classname="Telecom_Domain.RestassuredApiTest" name="getContactList" time="1.685"/>
  <testcase classname="Telecom_Domain.RestassuredApiTest" name="getContact" time="1.445"/>
  <testcase classname="Telecom_Domain.RestassuredApiTest" name="UpdateContact" time="1.572"/>
  <testcase classname="Telecom_Domain.RestassuredApiTest" name="updateContactPatch" time="1.509"/>
  <testcase classname="Telecom_Domain.RestassuredApiTest" name="logoutUser" time="1.39"/>
</testsuite> <!-- Default test -->
