<?xml version="1.0" encoding="UTF-8"?>
<!-- Generated by org.testng.reporters.JUnitXMLReporter -->
<testsuite ignored="0" hostname="NagarajNaik961" failures="0" tests="10" name="Default test" time="21.235" errors="0" timestamp="2026-01-07T01:02:59 IST">
  <testcase classname="Telecom_Domain.RestassuredApiTest" name="addNewUser" time="5.686"/>
  <testcase classname="Telecom_Domain.RestassuredApiTest" name="testGetUserProfile" time="1.369"/>
  <testcase classname="Telecom_Domain.RestassuredApiTest" name="updateUserProfile" time="1.353"/>
  <testcase classname="Telecom_Domain.RestassuredApiTest" name="loginUser" time="1.642"/>
  <testcase classname="Telecom_Domain.RestassuredApiTest" name="addContact" time="1.604"/>
  <testcase classname="Telecom_Domain.RestassuredApiTest" name="getContactList" time="1.571"/>
  <testcase classname="Telecom_Domain.RestassuredApiTest" name="getContact" time="1.422"/>
  <testcase classname="Telecom_Domain.RestassuredApiTest" name="UpdateContact" time="1.588"/>
  <testcase classname="Telecom_Domain.RestassuredApiTest" name="updateContactPatch" time="1.637"/>
  <testcase classname="Telecom_Domain.RestassuredApiTest" name="logoutUser" time="1.561"/>
</testsuite> <!-- Default test -->
