<?xml version="1.0" encoding="UTF-8"?>
<testng-results ignored="0" total="10" passed="10" failed="0" skipped="0">
  <reporter-output>
  </reporter-output>
  <suite started-at="2026-01-07T01:02:38 IST" name="Default suite" finished-at="2026-01-07T01:02:59 IST" duration-ms="21235">
    <groups>
    </groups>
    <test started-at="2026-01-07T01:02:38 IST" name="Default test" finished-at="2026-01-07T01:02:59 IST" duration-ms="21235">
      <class name="Telecom_Domain.RestassuredApiTest">
        <test-method is-config="true" signature="setupBaseUrl()[pri:0, instance:Telecom_Domain.RestassuredApiTest@38425407]" started-at="2026-01-07T01:02:38 IST" name="setupBaseUrl" finished-at="2026-01-07T01:02:39 IST" duration-ms="1182" status="PASS">
          <reporter-output>
          </reporter-output>
        </test-method> <!-- setupBaseUrl -->
        <test-method signature="addNewUser()[pri:1, instance:Telecom_Domain.RestassuredApiTest@38425407]" started-at="2026-01-07T01:02:39 IST" name="addNewUser" finished-at="2026-01-07T01:02:45 IST" duration-ms="5686" status="PASS">
          <reporter-output>
          </reporter-output>
        </test-method> <!-- addNewUser -->
        <test-method signature="testGetUserProfile()[pri:2, instance:Telecom_Domain.RestassuredApiTest@38425407]" started-at="2026-01-07T01:02:45 IST" name="testGetUserProfile" finished-at="2026-01-07T01:02:46 IST" duration-ms="1369" status="PASS">
          <reporter-output>
          </reporter-output>
        </test-method> <!-- testGetUserProfile -->
        <test-method signature="updateUserProfile()[pri:3, instance:Telecom_Domain.RestassuredApiTest@38425407]" started-at="2026-01-07T01:02:46 IST" name="updateUserProfile" finished-at="2026-01-07T01:02:48 IST" duration-ms="1353" status="PASS">
          <reporter-output>
          </reporter-output>
        </test-method> <!-- updateUserProfile -->
        <test-method signature="loginUser()[pri:4, instance:Telecom_Domain.RestassuredApiTest@38425407]" started-at="2026-01-07T01:02:48 IST" name="loginUser" finished-at="2026-01-07T01:02:49 IST" duration-ms="1642" status="PASS">
          <reporter-output>
          </reporter-output>
        </test-method> <!-- loginUser -->
        <test-method signature="addContact()[pri:5, instance:Telecom_Domain.RestassuredApiTest@38425407]" started-at="2026-01-07T01:02:49 IST" name="addContact" finished-at="2026-01-07T01:02:51 IST" duration-ms="1604" status="PASS">
          <reporter-output>
          </reporter-output>
        </test-method> <!-- addContact -->
        <test-method signature="getContactList()[pri:6, instance:Telecom_Domain.RestassuredApiTest@38425407]" started-at="2026-01-07T01:02:51 IST" name="getContactList" finished-at="2026-01-07T01:02:52 IST" duration-ms="1571" status="PASS">
          <reporter-output>
          </reporter-output>
        </test-method> <!-- getContactList -->
        <test-method signature="getContact()[pri:7, instance:Telecom_Domain.RestassuredApiTest@38425407]" started-at="2026-01-07T01:02:52 IST" name="getContact" finished-at="2026-01-07T01:02:54 IST" duration-ms="1422" status="PASS">
          <reporter-output>
          </reporter-output>
        </test-method> <!-- getContact -->
        <test-method signature="UpdateContact()[pri:8, instance:Telecom_Domain.RestassuredApiTest@38425407]" started-at="2026-01-07T01:02:54 IST" name="UpdateContact" finished-at="2026-01-07T01:02:55 IST" duration-ms="1588" status="PASS">
          <reporter-output>
          </reporter-output>
        </test-method> <!-- UpdateContact -->
        <test-method signature="updateContactPatch()[pri:9, instance:Telecom_Domain.RestassuredApiTest@38425407]" started-at="2026-01-07T01:02:55 IST" name="updateContactPatch" finished-at="2026-01-07T01:02:57 IST" duration-ms="1637" status="PASS">
          <reporter-output>
          </reporter-output>
        </test-method> <!-- updateContactPatch -->
        <test-method signature="logoutUser()[pri:10, instance:Telecom_Domain.RestassuredApiTest@38425407]" started-at="2026-01-07T01:02:57 IST" name="logoutUser" finished-at="2026-01-07T01:02:59 IST" duration-ms="1561" status="PASS">
          <reporter-output>
          </reporter-output>
        </test-method> <!-- logoutUser -->
        <test-method is-config="true" signature="tearDown()[pri:0, instance:Telecom_Domain.RestassuredApiTest@38425407]" started-at="2026-01-07T01:02:59 IST" name="tearDown" finished-at="2026-01-07T01:02:59 IST" duration-ms="507" status="PASS">
          <reporter-output>
          </reporter-output>
        </test-method> <!-- tearDown -->
      </class> <!-- Telecom_Domain.RestassuredApiTest -->
    </test> <!-- Default test -->
  </suite> <!-- Default suite -->
</testng-results>
