<?xml version="1.0" encoding="UTF-8"?>
<testng-results ignored="0" total="6" passed="5" failed="1" skipped="0">
  <reporter-output>
  </reporter-output>
  <suite started-at="2025-11-05T10:17:46 IST" name="Default suite" finished-at="2025-11-05T10:19:10 IST" duration-ms="83891">
    <groups>
    </groups>
    <test started-at="2025-11-05T10:17:46 IST" name="Default test" finished-at="2025-11-05T10:19:10 IST" duration-ms="83891">
      <class name="EcommerceApplication.Ecommerce_Client">
        <test-method is-config="true" signature="BeforeTest()[pri:0, instance:EcommerceApplication.Ecommerce_Client@702657cc]" started-at="2025-11-05T10:17:46 IST" name="BeforeTest" finished-at="2025-11-05T10:18:15 IST" duration-ms="29469" status="PASS">
          <reporter-output>
          </reporter-output>
        </test-method> <!-- BeforeTest -->
        <test-method signature="SignUpUser()[pri:1, instance:EcommerceApplication.Ecommerce_Client@702657cc]" started-at="2025-11-05T10:18:16 IST" name="SignUpUser" finished-at="2025-11-05T10:18:42 IST" duration-ms="26560" status="PASS">
          <reporter-output>
          </reporter-output>
        </test-method> <!-- SignUpUser -->
        <test-method signature="SignInUser()[pri:2, instance:EcommerceApplication.Ecommerce_Client@702657cc]" started-at="2025-11-05T10:18:42 IST" name="SignInUser" finished-at="2025-11-05T10:19:02 IST" duration-ms="20099" status="PASS">
          <reporter-output>
          </reporter-output>
        </test-method> <!-- SignInUser -->
        <test-method signature="SelectMobile()[pri:3, instance:EcommerceApplication.Ecommerce_Client@702657cc]" started-at="2025-11-05T10:19:02 IST" name="SelectMobile" finished-at="2025-11-05T10:19:04 IST" duration-ms="1419" status="PASS">
          <reporter-output>
          </reporter-output>
        </test-method> <!-- SelectMobile -->
        <test-method signature="AddTocCart()[pri:4, instance:EcommerceApplication.Ecommerce_Client@702657cc]" started-at="2025-11-05T10:19:04 IST" name="AddTocCart" finished-at="2025-11-05T10:19:05 IST" duration-ms="1434" status="PASS">
          <reporter-output>
          </reporter-output>
        </test-method> <!-- AddTocCart -->
        <test-method signature="placeOrderBy()[pri:5, instance:EcommerceApplication.Ecommerce_Client@702657cc]" started-at="2025-11-05T10:19:05 IST" name="placeOrderBy" finished-at="2025-11-05T10:19:05 IST" duration-ms="33" status="FAIL">
          <exception class="java.lang.AssertionError">
            <message>
              <![CDATA[Place Order button click failed expected [true] but found [false]]]>
            </message>
            <full-stacktrace>
              <![CDATA[java.lang.AssertionError: Place Order button click failed expected [true] but found [false]
at org.testng.Assert.fail(Assert.java:99)
at org.testng.Assert.failNotEquals(Assert.java:1037)
at org.testng.Assert.assertTrue(Assert.java:45)
at EcommerceApplication.Ecommerce_Client.placeOrderBy(Ecommerce_Client.java:172)
at java.base/jdk.internal.reflect.DirectMethodHandleAccessor.invoke(DirectMethodHandleAccessor.java:103)
at java.base/java.lang.reflect.Method.invoke(Method.java:580)
at org.testng.internal.MethodInvocationHelper.invokeMethod(MethodInvocationHelper.java:133)
at org.testng.internal.TestInvoker.invokeMethod(TestInvoker.java:598)
at org.testng.internal.TestInvoker.invokeTestMethod(TestInvoker.java:173)
at org.testng.internal.MethodRunner.runInSequence(MethodRunner.java:46)
at org.testng.internal.TestInvoker$MethodInvocationAgent.invoke(TestInvoker.java:824)
at org.testng.internal.TestInvoker.invokeTestMethods(TestInvoker.java:146)
at org.testng.internal.TestMethodWorker.invokeTestMethods(TestMethodWorker.java:146)
at org.testng.internal.TestMethodWorker.run(TestMethodWorker.java:128)
at java.base/java.util.ArrayList.forEach(ArrayList.java:1597)
at org.testng.TestRunner.privateRun(TestRunner.java:794)
at org.testng.TestRunner.run(TestRunner.java:596)
at org.testng.SuiteRunner.runTest(SuiteRunner.java:377)
at org.testng.SuiteRunner.runSequentially(SuiteRunner.java:371)
at org.testng.SuiteRunner.privateRun(SuiteRunner.java:332)
at org.testng.SuiteRunner.run(SuiteRunner.java:276)
at org.testng.SuiteRunnerWorker.runSuite(SuiteRunnerWorker.java:53)
at org.testng.SuiteRunnerWorker.run(SuiteRunnerWorker.java:96)
at org.testng.TestNG.runSuitesSequentially(TestNG.java:1212)
at org.testng.TestNG.runSuitesLocally(TestNG.java:1134)
at org.testng.TestNG.runSuites(TestNG.java:1063)
at org.testng.TestNG.run(TestNG.java:1031)
at org.testng.remote.AbstractRemoteTestNG.run(AbstractRemoteTestNG.java:115)
at org.testng.remote.RemoteTestNG.initAndRun(RemoteTestNG.java:293)
at org.testng.remote.RemoteTestNG.main(RemoteTestNG.java:91)
]]>
            </full-stacktrace>
          </exception> <!-- java.lang.AssertionError -->
          <reporter-output>
          </reporter-output>
        </test-method> <!-- placeOrderBy -->
        <test-method signature="UserandOrderDetails()[pri:6, instance:EcommerceApplication.Ecommerce_Client@702657cc]" started-at="2025-11-05T10:19:05 IST" name="UserandOrderDetails" finished-at="2025-11-05T10:19:06 IST" duration-ms="1041" status="PASS">
          <reporter-output>
          </reporter-output>
        </test-method> <!-- UserandOrderDetails -->
        <test-method is-config="true" signature="afterTest()[pri:0, instance:EcommerceApplication.Ecommerce_Client@702657cc]" started-at="2025-11-05T10:19:06 IST" name="afterTest" finished-at="2025-11-05T10:19:10 IST" duration-ms="3177" status="PASS">
          <reporter-output>
          </reporter-output>
        </test-method> <!-- afterTest -->
      </class> <!-- EcommerceApplication.Ecommerce_Client -->
    </test> <!-- Default test -->
  </suite> <!-- Default suite -->
</testng-results>
