<?xml version="1.0" encoding="UTF-8"?>
<testng-results ignored="0" total="10" passed="10" failed="0" skipped="0">
  <reporter-output>
  </reporter-output>
  <suite started-at="2025-03-08T01:04:22 IST" name="Default suite" finished-at="2025-03-08T01:04:47 IST" duration-ms="24304">
    <groups>
    </groups>
    <test started-at="2025-03-08T01:04:22 IST" name="Default test" finished-at="2025-03-08T01:04:47 IST" duration-ms="24304">
      <class name="Telecom_Domain.RestassuredApiTest">
        <test-method is-config="true" signature="setupBaseUrl()[pri:0, instance:Telecom_Domain.RestassuredApiTest@38425407]" started-at="2025-03-08T01:04:22 IST" name="setupBaseUrl" finished-at="2025-03-08T01:04:24 IST" duration-ms="1582" status="PASS">
          <reporter-output>
          </reporter-output>
        </test-method> <!-- setupBaseUrl -->
        <test-method signature="addNewUser()[pri:1, instance:Telecom_Domain.RestassuredApiTest@38425407]" started-at="2025-03-08T01:04:24 IST" name="addNewUser" finished-at="2025-03-08T01:04:32 IST" duration-ms="7759" status="PASS">
          <reporter-output>
          </reporter-output>
        </test-method> <!-- addNewUser -->
        <test-method signature="testGetUserProfile()[pri:2, instance:Telecom_Domain.RestassuredApiTest@38425407]" started-at="2025-03-08T01:04:32 IST" name="testGetUserProfile" finished-at="2025-03-08T01:04:33 IST" duration-ms="1617" status="PASS">
          <reporter-output>
          </reporter-output>
        </test-method> <!-- testGetUserProfile -->
        <test-method signature="updateUserProfile()[pri:3, instance:Telecom_Domain.RestassuredApiTest@38425407]" started-at="2025-03-08T01:04:33 IST" name="updateUserProfile" finished-at="2025-03-08T01:04:35 IST" duration-ms="1809" status="PASS">
          <reporter-output>
          </reporter-output>
        </test-method> <!-- updateUserProfile -->
        <test-method signature="loginUser()[pri:4, instance:Telecom_Domain.RestassuredApiTest@38425407]" started-at="2025-03-08T01:04:35 IST" name="loginUser" finished-at="2025-03-08T01:04:37 IST" duration-ms="1649" status="PASS">
          <reporter-output>
          </reporter-output>
        </test-method> <!-- loginUser -->
        <test-method signature="addContact()[pri:5, instance:Telecom_Domain.RestassuredApiTest@38425407]" started-at="2025-03-08T01:04:37 IST" name="addContact" finished-at="2025-03-08T01:04:38 IST" duration-ms="1537" status="PASS">
          <reporter-output>
          </reporter-output>
        </test-method> <!-- addContact -->
        <test-method signature="getContactList()[pri:6, instance:Telecom_Domain.RestassuredApiTest@38425407]" started-at="2025-03-08T01:04:38 IST" name="getContactList" finished-at="2025-03-08T01:04:40 IST" duration-ms="1685" status="PASS">
          <reporter-output>
          </reporter-output>
        </test-method> <!-- getContactList -->
        <test-method signature="getContact()[pri:7, instance:Telecom_Domain.RestassuredApiTest@38425407]" started-at="2025-03-08T01:04:40 IST" name="getContact" finished-at="2025-03-08T01:04:42 IST" duration-ms="1445" status="PASS">
          <reporter-output>
          </reporter-output>
        </test-method> <!-- getContact -->
        <test-method signature="UpdateContact()[pri:8, instance:Telecom_Domain.RestassuredApiTest@38425407]" started-at="2025-03-08T01:04:42 IST" name="UpdateContact" finished-at="2025-03-08T01:04:43 IST" duration-ms="1572" status="PASS">
          <reporter-output>
          </reporter-output>
        </test-method> <!-- UpdateContact -->
        <test-method signature="updateContactPatch()[pri:9, instance:Telecom_Domain.RestassuredApiTest@38425407]" started-at="2025-03-08T01:04:43 IST" name="updateContactPatch" finished-at="2025-03-08T01:04:45 IST" duration-ms="1509" status="PASS">
          <reporter-output>
          </reporter-output>
        </test-method> <!-- updateContactPatch -->
        <test-method signature="logoutUser()[pri:10, instance:Telecom_Domain.RestassuredApiTest@38425407]" started-at="2025-03-08T01:04:45 IST" name="logoutUser" finished-at="2025-03-08T01:04:46 IST" duration-ms="1390" status="PASS">
          <reporter-output>
          </reporter-output>
        </test-method> <!-- logoutUser -->
        <test-method is-config="true" signature="tearDown()[pri:0, instance:Telecom_Domain.RestassuredApiTest@38425407]" started-at="2025-03-08T01:04:46 IST" name="tearDown" finished-at="2025-03-08T01:04:47 IST" duration-ms="629" status="PASS">
          <reporter-output>
          </reporter-output>
        </test-method> <!-- tearDown -->
      </class> <!-- Telecom_Domain.RestassuredApiTest -->
    </test> <!-- Default test -->
  </suite> <!-- Default suite -->
</testng-results>
