<?xml version="1.0" encoding="UTF-8"?>
<!-- Generated by org.testng.reporters.JUnitReportReporter -->
<testsuite hostname="NagarajNaik961" failures="0" tests="4" name="CapstoneOrangeHrm.AdminModuletestClass_01" time="165.643" errors="0" timestamp="2025-07-14T16:38:21 IST" skipped="0">
  <testcase classname="CapstoneOrangeHrm.AdminModuletestClass_01" name="testAdminModule" time="14.045"/>
  <system-out/>
  <testcase classname="CapstoneOrangeHrm.AdminModuletestClass_01" name="ByUserName" time="43.973"/>
  <system-out/>
  <testcase classname="CapstoneOrangeHrm.AdminModuletestClass_01" name="ByUserRoleAdmin" time="59.170"/>
  <system-out/>
  <testcase classname="CapstoneOrangeHrm.AdminModuletestClass_01" name="ByUserStatus" time="48.455"/>
  <system-out/>
</testsuite> <!-- CapstoneOrangeHrm.AdminModuletestClass_01 -->
