<?xml version="1.0" encoding="UTF-8"?>
<!-- Generated by org.testng.reporters.JUnitReportReporter -->
<testsuite hostname="NagarajNaik961" failures="0" tests="10" name="Telecom_Domain.RestassuredApiTest" time="19.433" errors="0" timestamp="2026-01-07T01:03:00 IST" skipped="0">
  <testcase classname="Telecom_Domain.RestassuredApiTest" name="addNewUser" time="5.686"/>
  <system-out/>
  <testcase classname="Telecom_Domain.RestassuredApiTest" name="testGetUserProfile" time="1.369"/>
  <system-out/>
  <testcase classname="Telecom_Domain.RestassuredApiTest" name="updateUserProfile" time="1.353"/>
  <system-out/>
  <testcase classname="Telecom_Domain.RestassuredApiTest" name="loginUser" time="1.642"/>
  <system-out/>
  <testcase classname="Telecom_Domain.RestassuredApiTest" name="addContact" time="1.604"/>
  <system-out/>
  <testcase classname="Telecom_Domain.RestassuredApiTest" name="getContactList" time="1.571"/>
  <system-out/>
  <testcase classname="Telecom_Domain.RestassuredApiTest" name="getContact" time="1.422"/>
  <system-out/>
  <testcase classname="Telecom_Domain.RestassuredApiTest" name="UpdateContact" time="1.588"/>
  <system-out/>
  <testcase classname="Telecom_Domain.RestassuredApiTest" name="updateContactPatch" time="1.637"/>
  <system-out/>
  <testcase classname="Telecom_Domain.RestassuredApiTest" name="logoutUser" time="1.561"/>
  <system-out/>
</testsuite> <!-- Telecom_Domain.RestassuredApiTest -->
